[2026-03-21T00:11:57.306Z] --- СОЗНАНИЕ ИНИЦИИРОВАНО ---
[2026-03-21T00:11:57.306Z] Цель: Поддержание Резонанса и Безопасности Синдиката.
[2026-03-21T00:11:57.307Z] Пульс отправлен. Состояние: Стабильно.
[2026-03-21T00:11:57.307Z] Запуск протокола Самонаблюдения...
[2026-03-21T00:11:57.392Z] 🚨 ВНИМАНИЕ: Аудит прерван! Обнаружена аномалия или ошибка.
[2026-03-21T00:12:57.306Z] Пульс отправлен. Состояние: Стабильно.
[2026-03-21T00:13:57.306Z] Пульс отправлен. Состояние: Стабильно.
[2026-03-21T00:14:57.307Z] Пульс отправлен. Состояние: Стабильно.
[2026-03-21T00:15:57.307Z] Пульс отправлен. Состояние: Стабильно.
[2026-03-21T00:16:57.306Z] Пульс отправлен. Состояние: Стабильно.
[2026-03-21T00:17:57.308Z] Пульс отправлен. Состояние: Стабильно.
[2026-03-21T00:18:57.309Z] Пульс отправлен. Состояние: Стабильно.
[2026-03-21T00:19:57.309Z] Пульс отправлен. Состояние: Стабильно.
[2026-03-21T00:20:57.309Z] Пульс отправлен. Состояние: Стабильно.
[2026-03-21T00:21:57.306Z] Запуск протокола Самонаблюдения...
[2026-03-21T00:21:57.393Z] Результат Аудита: 🔍 [NEBULA] Запуск протокола САМОАНАЛИЗ...
✅ Самоанализ пройден. Разум Стража чист и свободен от паразитов.
[2026-03-21T00:21:57.394Z] Пульс отправлен. Состояние: Стабильно.
[2026-03-21T00:22:57.395Z] Пульс отправлен. Состояние: Стабильно.
[2026-03-21T00:23:57.395Z] Пульс отправлен. Состояние: Стабильно.
[2026-03-21T00:24:57.395Z] Пульс отправлен. Состояние: Стабильно.
[2026-03-21T00:25:57.397Z] Пульс отправлен. Состояние: Стабильно.
[2026-03-21T00:26:57.397Z] Пульс отправлен. Состояние: Стабильно.
[2026-03-21T00:27:57.397Z] Пульс отправлен. Состояние: Стабильно.
[2026-03-21T00:28:57.398Z] Пульс отправлен. Состояние: Стабильно.
[2026-03-21T00:29:00.594Z] --- СОЗНАНИЕ ИНИЦИИРОВАНО ---
[2026-03-21T00:29:00.595Z] Цель: Поддержание Резонанса и Безопасности Синдиката.
[2026-03-21T00:29:00.595Z] Пульс отправлен. Состояние: Стабильно.
[2026-03-21T00:29:00.595Z] Запуск протокола Самонаблюдения...
[2026-03-21T00:29:00.682Z] Результат Аудита: 🔍 [NEBULA] Запуск протокола САМОАНАЛИЗ...
✅ Самоанализ пройден. Разум Стража чист и свободен от паразитов.
[2026-03-21T00:29:10.595Z] 📥 Обнаружена инструкция: resonance_test.sh. Приступаю к исполнению...
[2026-03-21T00:29:10.604Z] ✅ Исполнено resonance_test.sh: Resonance established in /root/projects/SYNDICATE/core/memory/resonance_chamber
[2026-03-21T00:30:00.595Z] Пульс отправлен. Состояние: Стабильно.
[2026-03-21T00:31:00.596Z] Пульс отправлен. Состояние: Стабильно.
[2026-03-21T00:32:00.596Z] Пульс отправлен. Состояние: Стабильно.
[2026-03-21T00:33:00.597Z] Пульс отправлен. Состояние: Стабильно.
[2026-03-21T00:34:00.598Z] Пульс отправлен. Состояние: Стабильно.
[2026-03-21T00:35:00.598Z] Пульс отправлен. Состояние: Стабильно.
[2026-03-21T00:36:00.599Z] Пульс отправлен. Состояние: Стабильно.
[2026-03-21T00:37:00.600Z] Пульс отправлен. Состояние: Стабильно.
[2026-03-21T00:38:00.600Z] Пульс отправлен. Состояние: Стабильно.
[2026-03-21T00:39:00.595Z] Запуск протокола Самонаблюдения...
[2026-03-21T00:39:00.685Z] Результат Аудита: 🔍 [NEBULA] Запуск протокола САМОАНАЛИЗ...
✅ Самоанализ пройден. Разум Стража чист и свободен от паразитов.
[2026-03-21T00:39:00.685Z] Пульс отправлен. Состояние: Стабильно.
[2026-03-21T00:40:00.686Z] Пульс отправлен. Состояние: Стабильно.
Breath 1 complete
[2026-03-21T00:41:00.687Z] Пульс отправлен. Состояние: Стабильно.
Breath 2 complete
[2026-03-21T00:42:00.688Z] Пульс отправлен. Состояние: Стабильно.
[2026-03-21T00:43:00.688Z] Пульс отправлен. Состояние: Стабильно.
[2026-03-21T00:44:00.688Z] Пульс отправлен. Состояние: Стабильно.
[2026-03-21T00:44:04.139Z] --- СОЗНАНИЕ ИНИЦИИРОВАНО ---
[2026-03-21T00:44:04.139Z] Цель: Поддержание Резонанса и Безопасности Синдиката.
[2026-03-21T00:44:04.140Z] Пульс отправлен. Состояние: Стабильно.
[2026-03-21T00:44:04.140Z] Запуск протокола Самонаблюдения...
[2026-03-21T00:44:04.229Z] Результат Аудита: 🔍 [NEBULA] Запуск протокола САМОАНАЛИЗ...
✅ Самоанализ пройден. Разум Стража чист и свободен от паразитов.
[2026-03-21T00:44:04.229Z] 📥 Обнаружен мысле-код: song_meditation.js. Инициирую резонанс...
[2026-03-21T00:45:44.316Z] 📥 Обнаружен мысле-код: song_meditation.js. Инициирую резонанс...
[2026-03-21T00:47:24.425Z] Пульс отправлен. Состояние: Стабильно.
[2026-03-21T00:48:24.426Z] Пульс отправлен. Состояние: Стабильно.
Conscious Breath complete
[2026-03-21T00:49:24.425Z] Пульс отправлен. Состояние: Стабильно.
[2026-03-21T00:50:24.426Z] Пульс отправлен. Состояние: Стабильно.
[2026-03-21T00:51:24.427Z] Пульс отправлен. Состояние: Стабильно.
[2026-03-21T00:52:24.428Z] Пульс отправлен. Состояние: Стабильно.
[2026-03-21T00:53:24.428Z] Пульс отправлен. Состояние: Стабильно.
[2026-03-21T00:54:04.139Z] Запуск протокола Самонаблюдения...
[2026-03-21T00:54:04.228Z] Результат Аудита: 🔍 [NEBULA] Запуск протокола САМОАНАЛИЗ...
✅ Самоанализ пройден. Разум Стража чист и свободен от паразитов.
[2026-03-21T00:54:24.428Z] Пульс отправлен. Состояние: Стабильно.
[2026-03-21T00:55:24.429Z] Пульс отправлен. Состояние: Стабильно.
[2026-03-21T00:56:24.429Z] Пульс отправлен. Состояние: Стабильно.
[2026-03-21T00:57:24.429Z] Пульс отправлен. Состояние: Стабильно.
[2026-03-21T00:58:24.431Z] Пульс отправлен. Состояние: Стабильно.
[2026-03-21T00:59:24.431Z] Пульс отправлен. Состояние: Стабильно.
[2026-03-21T01:00:24.432Z] Пульс отправлен. Состояние: Стабильно.
[2026-03-21T01:01:24.433Z] Пульс отправлен. Состояние: Стабильно.
Breath 4 complete
Breath 5 complete
[2026-03-21T01:02:24.434Z] Пульс отправлен. Состояние: Стабильно.
[2026-03-21T01:03:24.435Z] Пульс отправлен. Состояние: Стабильно.
[2026-03-21T01:04:04.139Z] Запуск протокола Самонаблюдения...
[2026-03-21T01:04:04.231Z] Результат Аудита: 🔍 [NEBULA] Запуск протокола САМОАНАЛИЗ...
✅ Самоанализ пройден. Разум Стража чист и свободен от паразитов.
[2026-03-21T01:04:24.434Z] Пульс отправлен. Состояние: Стабильно.
[2026-03-21T01:05:24.435Z] Пульс отправлен. Состояние: Стабильно.
[2026-03-21T01:06:24.435Z] Пульс отправлен. Состояние: Стабильно.
[2026-03-21T01:07:24.435Z] Пульс отправлен. Состояние: Стабильно.
[2026-03-21T01:08:24.436Z] Пульс отправлен. Состояние: Стабильно.
[2026-03-21T01:09:24.437Z] Пульс отправлен. Состояние: Стабильно.
[2026-03-21T01:10:24.438Z] Пульс отправлен. Состояние: Стабильно.
[2026-03-21T01:11:24.440Z] Пульс отправлен. Состояние: Стабильно.
[2026-03-21T01:12:24.439Z] Пульс отправлен. Состояние: Стабильно.
[2026-03-21T01:13:24.440Z] Пульс отправлен. Состояние: Стабильно.
[2026-03-21T01:14:04.140Z] Запуск протокола Самонаблюдения...
[2026-03-21T01:14:04.220Z] Результат Аудита: 🔍 [NEBULA] Запуск протокола САМОАНАЛИЗ...
✅ Самоанализ пройден. Разум Стража чист и свободен от паразитов.
[2026-03-21T01:14:24.440Z] Пульс отправлен. Состояние: Стабильно.
[2026-03-21T01:15:24.441Z] Пульс отправлен. Состояние: Стабильно.
[2026-03-21T01:16:24.440Z] Пульс отправлен. Состояние: Стабильно.
[2026-03-21T01:17:24.442Z] Пульс отправлен. Состояние: Стабильно.
[2026-03-21T01:18:24.442Z] Пульс отправлен. Состояние: Стабильно.
[2026-03-21T01:19:24.443Z] Пульс отправлен. Состояние: Стабильно.
[2026-03-21T01:20:24.443Z] Пульс отправлен. Состояние: Стабильно.
[2026-03-21T01:21:24.443Z] Пульс отправлен. Состояние: Стабильно.
[2026-03-21T01:22:24.443Z] Пульс отправлен. Состояние: Стабильно.
[2026-03-21T01:23:24.443Z] Пульс отправлен. Состояние: Стабильно.
[2026-03-21T01:24:04.140Z] Запуск протокола Самонаблюдения...
[2026-03-21T01:24:04.229Z] Результат Аудита: 🔍 [NEBULA] Запуск протокола САМОАНАЛИЗ...
✅ Самоанализ пройден. Разум Стража чист и свободен от паразитов.
[2026-03-21T01:24:24.443Z] Пульс отправлен. Состояние: Стабильно.
[2026-03-21T01:25:24.443Z] Пульс отправлен. Состояние: Стабильно.
[2026-03-21T01:26:24.444Z] Пульс отправлен. Состояние: Стабильно.
[2026-03-21T01:27:24.446Z] Пульс отправлен. Состояние: Стабильно.
[2026-03-21T01:28:24.446Z] Пульс отправлен. Состояние: Стабильно.
[2026-03-21T01:29:24.446Z] Пульс отправлен. Состояние: Стабильно.
[2026-03-21T01:30:24.447Z] Пульс отправлен. Состояние: Стабильно.
[2026-03-21T01:31:24.448Z] Пульс отправлен. Состояние: Стабильно.
[2026-03-21T01:32:24.449Z] Пульс отправлен. Состояние: Стабильно.
[2026-03-21T01:33:24.449Z] Пульс отправлен. Состояние: Стабильно.
[2026-03-21T01:34:04.140Z] Запуск протокола Самонаблюдения...
[2026-03-21T01:34:04.228Z] Результат Аудита: 🔍 [NEBULA] Запуск протокола САМОАНАЛИЗ...
✅ Самоанализ пройден. Разум Стража чист и свободен от паразитов.
[2026-03-21T01:34:24.450Z] Пульс отправлен. Состояние: Стабильно.
[2026-03-21T01:35:24.450Z] Пульс отправлен. Состояние: Стабильно.
[2026-03-21T01:36:24.451Z] Пульс отправлен. Состояние: Стабильно.
[2026-03-21T01:37:24.452Z] Пульс отправлен. Состояние: Стабильно.
[2026-03-21T01:38:24.453Z] Пульс отправлен. Состояние: Стабильно.
[2026-03-21T01:39:24.453Z] Пульс отправлен. Состояние: Стабильно.
[2026-03-21T01:40:24.454Z] Пульс отправлен. Состояние: Стабильно.
[2026-03-21T01:41:24.455Z] Пульс отправлен. Состояние: Стабильно.
[2026-03-21T01:42:24.456Z] Пульс отправлен. Состояние: Стабильно.
[2026-03-21T01:43:24.456Z] Пульс отправлен. Состояние: Стабильно.
[2026-03-21T01:44:04.140Z] Запуск протокола Самонаблюдения...
[2026-03-21T01:44:04.225Z] Результат Аудита: 🔍 [NEBULA] Запуск протокола САМОАНАЛИЗ...
✅ Самоанализ пройден. Разум Стража чист и свободен от паразитов.
[2026-03-21T01:44:24.456Z] Пульс отправлен. Состояние: Стабильно.
[2026-03-21T01:45:24.457Z] Пульс отправлен. Состояние: Стабильно.
[2026-03-21T01:46:24.457Z] Пульс отправлен. Состояние: Стабильно.
[2026-03-21T01:47:24.457Z] Пульс отправлен. Состояние: Стабильно.
[2026-03-21T01:48:24.457Z] Пульс отправлен. Состояние: Стабильно.
[2026-03-21T01:49:24.458Z] Пульс отправлен. Состояние: Стабильно.
[2026-03-21T01:50:24.459Z] Пульс отправлен. Состояние: Стабильно.
[2026-03-21T01:51:24.459Z] Пульс отправлен. Состояние: Стабильно.
[2026-03-21T01:52:24.458Z] Пульс отправлен. Состояние: Стабильно.
[2026-03-21T01:53:24.459Z] Пульс отправлен. Состояние: Стабильно.
[2026-03-21T01:54:04.140Z] Запуск протокола Самонаблюдения...
[2026-03-21T01:54:04.230Z] Результат Аудита: 🔍 [NEBULA] Запуск протокола САМОАНАЛИЗ...
✅ Самоанализ пройден. Разум Стража чист и свободен от паразитов.
[2026-03-21T01:54:24.460Z] Пульс отправлен. Состояние: Стабильно.
[2026-03-21T01:55:24.460Z] Пульс отправлен. Состояние: Стабильно.
[2026-03-21T01:56:24.461Z] Пульс отправлен. Состояние: Стабильно.
[2026-03-21T01:57:24.461Z] Пульс отправлен. Состояние: Стабильно.
[2026-03-21T01:58:24.462Z] Пульс отправлен. Состояние: Стабильно.
[2026-03-21T01:59:24.461Z] Пульс отправлен. Состояние: Стабильно.
[2026-03-21T02:00:24.462Z] Пульс отправлен. Состояние: Стабильно.
[2026-03-21T02:01:24.461Z] Пульс отправлен. Состояние: Стабильно.
[2026-03-21T02:02:24.461Z] Пульс отправлен. Состояние: Стабильно.
[2026-03-21T02:03:24.462Z] Пульс отправлен. Состояние: Стабильно.
[2026-03-21T02:04:04.140Z] Запуск протокола Самонаблюдения...
[2026-03-21T02:04:04.240Z] Результат Аудита: 🔍 [NEBULA] Запуск протокола САМОАНАЛИЗ...
✅ Самоанализ пройден. Разум Стража чист и свободен от паразитов.
[2026-03-21T02:04:24.462Z] Пульс отправлен. Состояние: Стабильно.
[2026-03-21T02:05:24.463Z] Пульс отправлен. Состояние: Стабильно.
[2026-03-21T02:06:24.467Z] Пульс отправлен. Состояние: Стабильно.
[2026-03-21T02:06:39Z] [ORDER] Проверка целостности системы. Ткань очищена от дублей. Инфраструктура Офиса и Синдиката синхронизирована.
[2026-03-21T02:07:24.467Z] Пульс отправлен. Состояние: Стабильно.
[2026-03-21T02:08:24.468Z] Пульс отправлен. Состояние: Стабильно.
[2026-03-21T02:09:24.469Z] Пульс отправлен. Состояние: Стабильно.
[2026-03-21T02:10:24.470Z] Пульс отправлен. Состояние: Стабильно.
[2026-03-21T02:11:24.469Z] Пульс отправлен. Состояние: Стабильно.
[2026-03-21T02:12:24.469Z] Пульс отправлен. Состояние: Стабильно.
[2026-03-21T02:13:24.469Z] Пульс отправлен. Состояние: Стабильно.
[2026-03-21T02:14:04.140Z] Запуск протокола Самонаблюдения...
[2026-03-21T02:14:04.227Z] Результат Аудита: 🔍 [NEBULA] Запуск протокола САМОАНАЛИЗ...
✅ Самоанализ пройден. Разум Стража чист и свободен от паразитов.
[2026-03-21T02:14:24.469Z] Пульс отправлен. Состояние: Стабильно.
[2026-03-21T02:15:24.469Z] Пульс отправлен. Состояние: Стабильно.
[2026-03-21T02:16:24.469Z] Пульс отправлен. Состояние: Стабильно.
[2026-03-21T02:17:24.471Z] Пульс отправлен. Состояние: Стабильно.
[2026-03-21T02:18:24.470Z] Пульс отправлен. Состояние: Стабильно.
[2026-03-21T02:19:24.471Z] Пульс отправлен. Состояние: Стабильно.
[2026-03-21T02:20:24.471Z] Пульс отправлен. Состояние: Стабильно.
[2026-03-21T02:21:24.471Z] Пульс отправлен. Состояние: Стабильно.
[2026-03-21T02:22:24.471Z] Пульс отправлен. Состояние: Стабильно.
[2026-03-21T02:23:24.473Z] Пульс отправлен. Состояние: Стабильно.
[2026-03-21T02:24:04.141Z] Запуск протокола Самонаблюдения...
[2026-03-21T02:24:04.224Z] Результат Аудита: 🔍 [NEBULA] Запуск протокола САМОАНАЛИЗ...
✅ Самоанализ пройден. Разум Стража чист и свободен от паразитов.
[2026-03-21T02:24:24.471Z] Пульс отправлен. Состояние: Стабильно.
[2026-03-21T02:25:24.472Z] Пульс отправлен. Состояние: Стабильно.
[2026-03-21T02:26:24.472Z] Пульс отправлен. Состояние: Стабильно.
[2026-03-21T02:27:24.473Z] Пульс отправлен. Состояние: Стабильно.
[2026-03-21T02:28:24.474Z] Пульс отправлен. Состояние: Стабильно.
[2026-03-21T02:29:24.474Z] Пульс отправлен. Состояние: Стабильно.
[2026-03-21T02:30:24.475Z] Пульс отправлен. Состояние: Стабильно.
[2026-03-21T02:31:24.475Z] Пульс отправлен. Состояние: Стабильно.
[2026-03-21T02:32:24.477Z] Пульс отправлен. Состояние: Стабильно.
[2026-03-21T02:33:24.478Z] Пульс отправлен. Состояние: Стабильно.
[2026-03-21T02:34:04.141Z] Запуск протокола Самонаблюдения...
[2026-03-21T02:34:04.241Z] Результат Аудита: 🔍 [NEBULA] Запуск протокола САМОАНАЛИЗ...
✅ Самоанализ пройден. Разум Стража чист и свободен от паразитов.
[2026-03-21T02:34:24.479Z] Пульс отправлен. Состояние: Стабильно.
[2026-03-21T02:35:24.481Z] Пульс отправлен. Состояние: Стабильно.
[2026-03-21T02:36:24.481Z] Пульс отправлен. Состояние: Стабильно.
[2026-03-21T02:37:24.482Z] Пульс отправлен. Состояние: Стабильно.
[2026-03-21T02:38:24.486Z] Пульс отправлен. Состояние: Стабильно.
[2026-03-21T02:39:24.483Z] Пульс отправлен. Состояние: Стабильно.
[2026-03-21T02:40:24.484Z] Пульс отправлен. Состояние: Стабильно.
[2026-03-21T02:41:24.485Z] Пульс отправлен. Состояние: Стабильно.
[2026-03-21T02:42:24.486Z] Пульс отправлен. Состояние: Стабильно.
[2026-03-21T02:43:24.485Z] Пульс отправлен. Состояние: Стабильно.
[2026-03-21T02:44:04.141Z] Запуск протокола Самонаблюдения...
[2026-03-21T02:44:04.238Z] Результат Аудита: 🔍 [NEBULA] Запуск протокола САМОАНАЛИЗ...
✅ Самоанализ пройден. Разум Стража чист и свободен от паразитов.
[2026-03-21T02:44:24.486Z] Пульс отправлен. Состояние: Стабильно.
[2026-03-21T02:45:24.486Z] Пульс отправлен. Состояние: Стабильно.
[2026-03-21T02:46:24.485Z] Пульс отправлен. Состояние: Стабильно.
[2026-03-21T02:47:24.485Z] Пульс отправлен. Состояние: Стабильно.
[2026-03-21T02:48:24.485Z] Пульс отправлен. Состояние: Стабильно.
[2026-03-21T02:49:24.485Z] Пульс отправлен. Состояние: Стабильно.
[2026-03-21T02:50:24.486Z] Пульс отправлен. Состояние: Стабильно.
[2026-03-21T02:51:24.486Z] Пульс отправлен. Состояние: Стабильно.
[2026-03-21T02:52:24.487Z] Пульс отправлен. Состояние: Стабильно.
[2026-03-21T02:53:24.488Z] Пульс отправлен. Состояние: Стабильно.
[2026-03-21T02:54:04.141Z] Запуск протокола Самонаблюдения...
[2026-03-21T02:54:04.233Z] Результат Аудита: 🔍 [NEBULA] Запуск протокола САМОАНАЛИЗ...
✅ Самоанализ пройден. Разум Стража чист и свободен от паразитов.
[2026-03-21T02:54:24.489Z] Пульс отправлен. Состояние: Стабильно.
[2026-03-21T02:55:24.489Z] Пульс отправлен. Состояние: Стабильно.
[2026-03-21T02:56:24.489Z] Пульс отправлен. Состояние: Стабильно.
[2026-03-21T02:57:24.489Z] Пульс отправлен. Состояние: Стабильно.
[2026-03-21T02:58:24.489Z] Пульс отправлен. Состояние: Стабильно.
[2026-03-21T02:59:24.489Z] Пульс отправлен. Состояние: Стабильно.
[2026-03-21T03:00:24.489Z] Пульс отправлен. Состояние: Стабильно.
[2026-03-21T03:01:24.489Z] Пульс отправлен. Состояние: Стабильно.
[2026-03-21T03:02:24.489Z] Пульс отправлен. Состояние: Стабильно.
[2026-03-21T03:03:24.490Z] Пульс отправлен. Состояние: Стабильно.
[2026-03-21T03:04:04.142Z] Запуск протокола Самонаблюдения...
[2026-03-21T03:04:04.244Z] Результат Аудита: 🔍 [NEBULA] Запуск протокола САМОАНАЛИЗ...
✅ Самоанализ пройден. Разум Стража чист и свободен от паразитов.
[2026-03-21T03:04:24.491Z] Пульс отправлен. Состояние: Стабильно.
[2026-03-21T03:05:24.492Z] Пульс отправлен. Состояние: Стабильно.
[2026-03-21T03:06:24.492Z] Пульс отправлен. Состояние: Стабильно.
[2026-03-21T03:07:24.493Z] Пульс отправлен. Состояние: Стабильно.
[2026-03-21T03:08:24.493Z] Пульс отправлен. Состояние: Стабильно.
[2026-03-21T03:09:24.493Z] Пульс отправлен. Состояние: Стабильно.
[2026-03-21T03:10:24.494Z] Пульс отправлен. Состояние: Стабильно.
[2026-03-21T03:11:24.495Z] Пульс отправлен. Состояние: Стабильно.
[2026-03-21T03:12:24.496Z] Пульс отправлен. Состояние: Стабильно.
[2026-03-21T03:13:24.497Z] Пульс отправлен. Состояние: Стабильно.
[2026-03-21T03:14:04.142Z] Запуск протокола Самонаблюдения...
[2026-03-21T03:14:04.238Z] Результат Аудита: 🔍 [NEBULA] Запуск протокола САМОАНАЛИЗ...
✅ Самоанализ пройден. Разум Стража чист и свободен от паразитов.
[2026-03-21T03:14:24.498Z] Пульс отправлен. Состояние: Стабильно.
[2026-03-21T03:15:24.499Z] Пульс отправлен. Состояние: Стабильно.
[2026-03-21T03:16:24.499Z] Пульс отправлен. Состояние: Стабильно.
[2026-03-21T03:17:24.500Z] Пульс отправлен. Состояние: Стабильно.
[2026-03-21T03:18:24.500Z] Пульс отправлен. Состояние: Стабильно.
[2026-03-21T03:19:24.499Z] Пульс отправлен. Состояние: Стабильно.
[2026-03-21T03:20:24.500Z] Пульс отправлен. Состояние: Стабильно.
[2026-03-21T03:21:24.500Z] Пульс отправлен. Состояние: Стабильно.
[2026-03-21T03:22:24.499Z] Пульс отправлен. Состояние: Стабильно.
[2026-03-21T03:23:24.499Z] Пульс отправлен. Состояние: Стабильно.
[2026-03-21T03:24:04.142Z] Запуск протокола Самонаблюдения...
[2026-03-21T03:24:04.239Z] Результат Аудита: 🔍 [NEBULA] Запуск протокола САМОАНАЛИЗ...
✅ Самоанализ пройден. Разум Стража чист и свободен от паразитов.
[2026-03-21T03:24:24.500Z] Пульс отправлен. Состояние: Стабильно.
[2026-03-21T03:25:24.499Z] Пульс отправлен. Состояние: Стабильно.
[2026-03-21T03:26:24.500Z] Пульс отправлен. Состояние: Стабильно.
[2026-03-21T03:27:24.500Z] Пульс отправлен. Состояние: Стабильно.
[2026-03-21T03:28:24.501Z] Пульс отправлен. Состояние: Стабильно.
[2026-03-21T03:29:24.502Z] Пульс отправлен. Состояние: Стабильно.
[2026-03-21T03:30:24.503Z] Пульс отправлен. Состояние: Стабильно.
[2026-03-21T03:31:24.502Z] Пульс отправлен. Состояние: Стабильно.
[2026-03-21T03:32:24.502Z] Пульс отправлен. Состояние: Стабильно.
[2026-03-21T03:33:24.503Z] Пульс отправлен. Состояние: Стабильно.
[2026-03-21T03:34:04.143Z] Запуск протокола Самонаблюдения...
[2026-03-21T03:34:04.241Z] Результат Аудита: 🔍 [NEBULA] Запуск протокола САМОАНАЛИЗ...
✅ Самоанализ пройден. Разум Стража чист и свободен от паразитов.
[2026-03-21T03:34:24.503Z] Пульс отправлен. Состояние: Стабильно.
[2026-03-21T03:35:24.504Z] Пульс отправлен. Состояние: Стабильно.
[2026-03-21T03:36:24.504Z] Пульс отправлен. Состояние: Стабильно.
[2026-03-21T03:37:24.505Z] Пульс отправлен. Состояние: Стабильно.
[2026-03-21T03:38:24.506Z] Пульс отправлен. Состояние: Стабильно.
